2025-09-07T08:49:16.746 application=explorer [info] tx/per day chart: collect records for transactions per day stats
2025-09-07T08:49:16.746 application=explorer [info] tx/per day chart: earliest date 2025-08-29 00:00:00Z
2025-09-07T08:49:16.746 application=explorer [info] tx/per day chart: latest date 2025-08-29 23:59:59Z
2025-09-07T08:49:16.875 application=explorer [info] tx/per day chart: timestamp cannot be converted to min/max blocks, trying to find min/max blocks through a fallback option}
2025-09-07T08:49:16.961 application=explorer [warning] tx/per day chart: failed to get min/max blocks through a fallback option}
2025-09-07T08:49:16.961 application=explorer [info] tx/per day chart: collect records for transactions per day stats
2025-09-07T08:49:16.961 application=explorer [info] tx/per day chart: earliest date 2025-08-30 00:00:00Z
2025-09-07T08:49:16.961 application=explorer [info] tx/per day chart: latest date 2025-08-30 23:59:59Z
2025-09-07T08:49:16.995 application=explorer [info] tx/per day chart: timestamp cannot be converted to min/max blocks, trying to find min/max blocks through a fallback option}
2025-09-07T08:49:17.011 application=explorer [warning] tx/per day chart: failed to get min/max blocks through a fallback option}
2025-09-07T08:49:17.011 application=explorer [info] tx/per day chart: collect records for transactions per day stats
2025-09-07T08:49:17.011 application=explorer [info] tx/per day chart: earliest date 2025-08-31 00:00:00Z
2025-09-07T08:49:17.011 application=explorer [info] tx/per day chart: latest date 2025-08-31 23:59:59Z
2025-09-07T08:49:17.024 application=explorer [info] SanitizeIncorrectNFTTokenTransfers `delete_erc_721` step is finished
2025-09-07T08:49:17.025 application=explorer [info] SanitizeIncorrectWETHTokenTransfers deletion of duplicates finished, continuing with deletion of not whitelisted weth transfers
2025-09-07T08:49:17.027 application=explorer [info] tx/per day chart: timestamp cannot be converted to min/max blocks, trying to find min/max blocks through a fallback option}
2025-09-07T08:49:17.035 application=explorer [warning] tx/per day chart: failed to get min/max blocks through a fallback option}
2025-09-07T08:49:17.035 application=explorer [info] tx/per day chart: collect records for transactions per day stats
2025-09-07T08:49:17.035 application=explorer [info] tx/per day chart: earliest date 2025-09-01 00:00:00Z
2025-09-07T08:49:17.035 application=explorer [info] tx/per day chart: latest date 2025-09-01 23:59:59Z
2025-09-07T08:49:17.043 application=explorer [info] tx/per day chart: timestamp cannot be converted to min/max blocks, trying to find min/max blocks through a fallback option}
2025-09-07T08:49:17.045 application=explorer [info] SanitizeIncorrectNFTTokenTransfers `delete_erc_1155` step is finished
2025-09-07T08:49:17.049 application=explorer [warning] tx/per day chart: failed to get min/max blocks through a fallback option}
2025-09-07T08:49:17.049 application=explorer [info] tx/per day chart: collect records for transactions per day stats
2025-09-07T08:49:17.049 application=explorer [info] tx/per day chart: earliest date 2025-09-02 00:00:00Z
2025-09-07T08:49:17.049 application=explorer [info] tx/per day chart: latest date 2025-09-02 23:59:59Z
2025-09-07T08:49:17.058 application=explorer [info] tx/per day chart: timestamp cannot be converted to min/max blocks, trying to find min/max blocks through a fallback option}
2025-09-07T08:49:17.058 application=explorer [info] SanitizeIncorrectNFTTokenTransfers migration finished
2025-09-07T08:49:17.062 application=explorer [warning] tx/per day chart: failed to get min/max blocks through a fallback option}
2025-09-07T08:49:17.062 application=explorer [info] tx/per day chart: collect records for transactions per day stats
2025-09-07T08:49:17.062 application=explorer [info] tx/per day chart: earliest date 2025-09-03 00:00:00Z
2025-09-07T08:49:17.063 application=explorer [info] tx/per day chart: latest date 2025-09-03 23:59:59Z
2025-09-07T08:49:17.064 application=explorer [info] tx/per day chart: timestamp cannot be converted to min/max blocks, trying to find min/max blocks through a fallback option}
2025-09-07T08:49:17.069 application=explorer [warning] tx/per day chart: failed to get min/max blocks through a fallback option}
2025-09-07T08:49:17.069 application=explorer [info] tx/per day chart: collect records for transactions per day stats
2025-09-07T08:49:17.069 application=explorer [info] tx/per day chart: earliest date 2025-09-04 00:00:00Z
2025-09-07T08:49:17.069 application=explorer [info] tx/per day chart: latest date 2025-09-04 23:59:59Z
2025-09-07T08:49:17.075 application=explorer [info] tx/per day chart: timestamp cannot be converted to min/max blocks, trying to find min/max blocks through a fallback option}
2025-09-07T08:49:17.078 application=explorer [warning] tx/per day chart: failed to get min/max blocks through a fallback option}
2025-09-07T08:49:17.078 application=explorer [info] tx/per day chart: collect records for transactions per day stats
2025-09-07T08:49:17.078 application=explorer [info] tx/per day chart: earliest date 2025-09-05 00:00:00Z
2025-09-07T08:49:17.078 application=explorer [info] tx/per day chart: latest date 2025-09-05 23:59:59Z
2025-09-07T08:49:17.084 application=explorer [info] tx/per day chart: timestamp cannot be converted to min/max blocks, trying to find min/max blocks through a fallback option}
2025-09-07T08:49:17.088 application=explorer [warning] tx/per day chart: failed to get min/max blocks through a fallback option}
2025-09-07T08:49:17.088 application=explorer [info] tx/per day chart: collect records for transactions per day stats
2025-09-07T08:49:17.088 application=explorer [info] tx/per day chart: earliest date 2025-09-06 00:00:00Z
2025-09-07T08:49:17.088 application=explorer [info] tx/per day chart: latest date 2025-09-06 23:59:59Z
2025-09-07T08:49:17.093 application=explorer [info] tx/per day chart: timestamp cannot be converted to min/max blocks, trying to find min/max blocks through a fallback option}
2025-09-07T08:49:17.096 application=explorer [warning] tx/per day chart: failed to get min/max blocks through a fallback option}
2025-09-07T08:49:17.096 application=explorer [info] tx/per day chart: collect records for transactions per day stats
2025-09-07T08:49:17.096 application=explorer [info] tx/per day chart: records collected [%{date: ~D[2025-09-06], gas_used: 0, number_of_transactions: 0, total_fee: 0}, %{date: ~D[2025-09-05], gas_used: 0, number_of_transactions: 0, total_fee: 0}, %{date: ~D[2025-09-04], gas_used: 0, number_of_transactions: 0, total_fee: 0}, %{date: ~D[2025-09-03], gas_used: 0, number_of_transactions: 0, total_fee: 0}, %{date: ~D[2025-09-02], gas_used: 0, number_of_transactions: 0, total_fee: 0}, %{date: ~D[2025-09-01], gas_used: 0, number_of_transactions: 0, total_fee: 0}, %{date: ~D[2025-08-31], gas_used: 0, number_of_transactions: 0, total_fee: 0}, %{date: ~D[2025-08-30], gas_used: 0, number_of_transactions: 0, total_fee: 0}, %{date: ~D[2025-08-29], gas_used: 0, number_of_transactions: 0, total_fee: 0}]
2025-09-07T08:49:17.096 application=explorer [info] tx/per day chart: save records
2025-09-07T08:49:17.099 application=explorer [info] tx/per day chart: number of inserted 10
2025-09-07T08:49:18.022 application=explorer [error] Failed to drop DB index 'logs_block_number_ASC__index_ASC_index': %Postgrex.Error{message: nil, postgres: %{code: :deadlock_detected, line: "1130", message: "deadlock detected", file: "deadlock.c", unknown: "ERROR", severity: "ERROR", hint: "See server log for query details.", detail: "Process 81 waits for ShareUpdateExclusiveLock on relation 16564 of database 16384; blocked by process 66.\nProcess 66 waits for ShareLock on virtual transaction 45/7; blocked by process 81.", pg_code: "40P01", routine: "DeadLockReport"}, connection_id: 81, query: nil}
2025-09-07T08:49:31.747 application=explorer [info] Fetching chain spec path: nil.
2025-09-07T08:49:31.747 application=explorer [info] Fetching precompiled config path: nil.
2025-09-07T08:49:31.747 application=explorer [warning] Genesis data is not fetched. Neither chain spec path or precompiles config path are set.
2025-09-07T08:52:36.194 application=explorer [info] tx/per day chart: collect records for transactions per day stats
2025-09-07T08:52:36.194 application=explorer [info] tx/per day chart: earliest date 2025-08-29 00:00:00Z
2025-09-07T08:52:36.194 application=explorer [info] tx/per day chart: latest date 2025-08-29 23:59:59Z
2025-09-07T08:52:36.314 application=explorer [info] tx/per day chart: min/max block numbers [1, 0]
2025-09-07T08:52:36.326 application=explorer [info] tx/per day chart: num of transactions 0
2025-09-07T08:52:36.334 application=explorer [info] tx/per day chart: total gas used 
2025-09-07T08:52:36.346 application=explorer [info] tx/per day chart: total fee 
2025-09-07T08:52:36.346 application=explorer [info] tx/per day chart: collect records for transactions per day stats
2025-09-07T08:52:36.346 application=explorer [info] tx/per day chart: earliest date 2025-08-30 00:00:00Z
2025-09-07T08:52:36.346 application=explorer [info] tx/per day chart: latest date 2025-08-30 23:59:59Z
2025-09-07T08:52:36.377 application=explorer [info] tx/per day chart: min/max block numbers [1, 0]
2025-09-07T08:52:36.396 application=explorer [info] tx/per day chart: num of transactions 0
2025-09-07T08:52:36.399 application=explorer [info] tx/per day chart: total gas used 
2025-09-07T08:52:36.403 application=explorer [info] tx/per day chart: total fee 
2025-09-07T08:52:36.403 application=explorer [info] tx/per day chart: collect records for transactions per day stats
2025-09-07T08:52:36.403 application=explorer [info] tx/per day chart: earliest date 2025-08-31 00:00:00Z
2025-09-07T08:52:36.403 application=explorer [info] tx/per day chart: latest date 2025-08-31 23:59:59Z
2025-09-07T08:52:36.412 application=explorer [info] tx/per day chart: min/max block numbers [1, 0]
2025-09-07T08:52:36.416 application=explorer [info] tx/per day chart: num of transactions 0
2025-09-07T08:52:36.419 application=explorer [info] tx/per day chart: total gas used 
2025-09-07T08:52:36.424 application=explorer [info] tx/per day chart: total fee 
2025-09-07T08:52:36.424 application=explorer [info] tx/per day chart: collect records for transactions per day stats
2025-09-07T08:52:36.424 application=explorer [info] tx/per day chart: earliest date 2025-09-01 00:00:00Z
2025-09-07T08:52:36.424 application=explorer [info] tx/per day chart: latest date 2025-09-01 23:59:59Z
2025-09-07T08:52:36.432 application=explorer [info] tx/per day chart: min/max block numbers [1, 0]
2025-09-07T08:52:36.436 application=explorer [info] tx/per day chart: num of transactions 0
2025-09-07T08:52:36.439 application=explorer [info] tx/per day chart: total gas used 
2025-09-07T08:52:36.443 application=explorer [info] tx/per day chart: total fee 
2025-09-07T08:52:36.443 application=explorer [info] tx/per day chart: collect records for transactions per day stats
2025-09-07T08:52:36.443 application=explorer [info] tx/per day chart: earliest date 2025-09-02 00:00:00Z
2025-09-07T08:52:36.443 application=explorer [info] tx/per day chart: latest date 2025-09-02 23:59:59Z
2025-09-07T08:52:36.452 application=explorer [info] tx/per day chart: min/max block numbers [1, 0]
2025-09-07T08:52:36.455 application=explorer [info] tx/per day chart: num of transactions 0
2025-09-07T08:52:36.459 application=explorer [info] tx/per day chart: total gas used 
2025-09-07T08:52:36.462 application=explorer [info] tx/per day chart: total fee 
2025-09-07T08:52:36.462 application=explorer [info] tx/per day chart: collect records for transactions per day stats
2025-09-07T08:52:36.462 application=explorer [info] tx/per day chart: earliest date 2025-09-03 00:00:00Z
2025-09-07T08:52:36.462 application=explorer [info] tx/per day chart: latest date 2025-09-03 23:59:59Z
2025-09-07T08:52:36.470 application=explorer [info] tx/per day chart: min/max block numbers [1, 0]
2025-09-07T08:52:36.474 application=explorer [info] tx/per day chart: num of transactions 0
2025-09-07T08:52:36.477 application=explorer [info] tx/per day chart: total gas used 
2025-09-07T08:52:36.477 application=explorer [info] tx/per day chart: total fee 
2025-09-07T08:52:36.477 application=explorer [info] tx/per day chart: collect records for transactions per day stats
2025-09-07T08:52:36.477 application=explorer [info] tx/per day chart: earliest date 2025-09-04 00:00:00Z
2025-09-07T08:52:36.477 application=explorer [info] tx/per day chart: latest date 2025-09-04 23:59:59Z
2025-09-07T08:52:36.483 application=explorer [info] tx/per day chart: min/max block numbers [1, 0]
2025-09-07T08:52:36.486 application=explorer [info] tx/per day chart: num of transactions 0
2025-09-07T08:52:36.490 application=explorer [info] tx/per day chart: total gas used 
2025-09-07T08:52:36.493 application=explorer [info] tx/per day chart: total fee 
2025-09-07T08:52:36.493 application=explorer [info] tx/per day chart: collect records for transactions per day stats
2025-09-07T08:52:36.493 application=explorer [info] tx/per day chart: earliest date 2025-09-05 00:00:00Z
2025-09-07T08:52:36.494 application=explorer [info] tx/per day chart: latest date 2025-09-05 23:59:59Z
2025-09-07T08:52:36.500 application=explorer [info] tx/per day chart: min/max block numbers [1, 0]
2025-09-07T08:52:36.501 application=explorer [info] tx/per day chart: num of transactions 0
2025-09-07T08:52:36.504 application=explorer [info] tx/per day chart: total gas used 
2025-09-07T08:52:36.509 application=explorer [info] tx/per day chart: total fee 
2025-09-07T08:52:36.509 application=explorer [info] tx/per day chart: collect records for transactions per day stats
2025-09-07T08:52:36.509 application=explorer [info] tx/per day chart: earliest date 2025-09-06 00:00:00Z
2025-09-07T08:52:36.509 application=explorer [info] tx/per day chart: latest date 2025-09-06 23:59:59Z
2025-09-07T08:52:36.516 application=explorer [info] tx/per day chart: min/max block numbers [1, 0]
2025-09-07T08:52:36.519 application=explorer [info] tx/per day chart: num of transactions 0
2025-09-07T08:52:36.522 application=explorer [info] tx/per day chart: total gas used 
2025-09-07T08:52:36.525 application=explorer [info] tx/per day chart: total fee 
2025-09-07T08:52:36.525 application=explorer [info] tx/per day chart: collect records for transactions per day stats
2025-09-07T08:52:36.525 application=explorer [info] tx/per day chart: records collected [%{date: ~D[2025-09-06], gas_used: nil, number_of_transactions: 0, total_fee: nil}, %{date: ~D[2025-09-05], gas_used: nil, number_of_transactions: 0, total_fee: nil}, %{date: ~D[2025-09-04], gas_used: nil, number_of_transactions: 0, total_fee: nil}, %{date: ~D[2025-09-03], gas_used: nil, number_of_transactions: 0, total_fee: nil}, %{date: ~D[2025-09-02], gas_used: nil, number_of_transactions: 0, total_fee: nil}, %{date: ~D[2025-09-01], gas_used: nil, number_of_transactions: 0, total_fee: nil}, %{date: ~D[2025-08-31], gas_used: nil, number_of_transactions: 0, total_fee: nil}, %{date: ~D[2025-08-30], gas_used: nil, number_of_transactions: 0, total_fee: nil}, %{date: ~D[2025-08-29], gas_used: nil, number_of_transactions: 0, total_fee: nil}]
2025-09-07T08:52:36.525 application=explorer [info] tx/per day chart: save records
2025-09-07T08:52:36.529 application=explorer [info] tx/per day chart: number of inserted 10
2025-09-07T08:52:51.191 application=explorer [info] Fetching chain spec path: nil.
2025-09-07T08:52:51.191 application=explorer [info] Fetching precompiled config path: nil.
2025-09-07T08:52:51.191 application=explorer [warning] Genesis data is not fetched. Neither chain spec path or precompiles config path are set.
2025-09-07T09:02:37.339 application=explorer [error] Failed to run create DB index query: %Postgrex.Error{message: nil, postgres: %{code: :deadlock_detected, line: "1130", message: "deadlock detected", file: "deadlock.c", unknown: "ERROR", severity: "ERROR", hint: "See server log for query details.", detail: "Process 39 waits for ShareUpdateExclusiveLock on relation 16592 of database 16384; blocked by process 105.\nProcess 105 waits for ShareLock on virtual transaction 40/77; blocked by process 39.", pg_code: "40P01", routine: "DeadLockReport"}, connection_id: 39, query: nil}
2025-09-07T09:09:31.466 application=explorer [info] tx/per day chart: collect records for transactions per day stats
2025-09-07T09:09:31.466 application=explorer [info] tx/per day chart: earliest date 2025-08-29 00:00:00Z
2025-09-07T09:09:31.466 application=explorer [info] tx/per day chart: latest date 2025-08-29 23:59:59Z
2025-09-07T09:09:31.782 application=explorer [info] tx/per day chart: min/max block numbers [1, 0]
2025-09-07T09:09:31.798 application=explorer [info] tx/per day chart: num of transactions 0
2025-09-07T09:09:31.839 application=explorer [info] tx/per day chart: total gas used 
2025-09-07T09:09:31.846 application=explorer [info] tx/per day chart: total fee 
2025-09-07T09:09:31.846 application=explorer [info] tx/per day chart: collect records for transactions per day stats
2025-09-07T09:09:31.846 application=explorer [info] tx/per day chart: earliest date 2025-08-30 00:00:00Z
2025-09-07T09:09:31.846 application=explorer [info] tx/per day chart: latest date 2025-08-30 23:59:59Z
2025-09-07T09:09:31.859 application=explorer [info] tx/per day chart: min/max block numbers [1, 0]
2025-09-07T09:09:31.863 application=explorer [info] tx/per day chart: num of transactions 0
2025-09-07T09:09:31.866 application=explorer [info] tx/per day chart: total gas used 
2025-09-07T09:09:31.869 application=explorer [info] tx/per day chart: total fee 
2025-09-07T09:09:31.869 application=explorer [info] tx/per day chart: collect records for transactions per day stats
2025-09-07T09:09:31.869 application=explorer [info] tx/per day chart: earliest date 2025-08-31 00:00:00Z
2025-09-07T09:09:31.869 application=explorer [info] tx/per day chart: latest date 2025-08-31 23:59:59Z
2025-09-07T09:09:31.878 application=explorer [info] tx/per day chart: min/max block numbers [1, 0]
2025-09-07T09:09:31.881 application=explorer [info] tx/per day chart: num of transactions 0
2025-09-07T09:09:31.884 application=explorer [info] tx/per day chart: total gas used 
2025-09-07T09:09:31.887 application=explorer [info] tx/per day chart: total fee 
2025-09-07T09:09:31.887 application=explorer [info] tx/per day chart: collect records for transactions per day stats
2025-09-07T09:09:31.888 application=explorer [info] tx/per day chart: earliest date 2025-09-01 00:00:00Z
2025-09-07T09:09:31.888 application=explorer [info] tx/per day chart: latest date 2025-09-01 23:59:59Z
2025-09-07T09:09:31.898 application=explorer [info] tx/per day chart: min/max block numbers [1, 0]
2025-09-07T09:09:31.900 application=explorer [info] tx/per day chart: num of transactions 0
2025-09-07T09:09:31.904 application=explorer [info] tx/per day chart: total gas used 
2025-09-07T09:09:31.908 application=explorer [info] tx/per day chart: total fee 
2025-09-07T09:09:31.908 application=explorer [info] tx/per day chart: collect records for transactions per day stats
2025-09-07T09:09:31.908 application=explorer [info] tx/per day chart: earliest date 2025-09-02 00:00:00Z
2025-09-07T09:09:31.908 application=explorer [info] tx/per day chart: latest date 2025-09-02 23:59:59Z
2025-09-07T09:09:31.915 application=explorer [info] tx/per day chart: min/max block numbers [1, 0]
2025-09-07T09:09:31.919 application=explorer [info] tx/per day chart: num of transactions 0
2025-09-07T09:09:31.923 application=explorer [info] tx/per day chart: total gas used 
2025-09-07T09:09:31.930 application=explorer [info] tx/per day chart: total fee 
2025-09-07T09:09:31.930 application=explorer [info] tx/per day chart: collect records for transactions per day stats
2025-09-07T09:09:31.930 application=explorer [info] tx/per day chart: earliest date 2025-09-03 00:00:00Z
2025-09-07T09:09:31.930 application=explorer [info] tx/per day chart: latest date 2025-09-03 23:59:59Z
2025-09-07T09:09:31.941 application=explorer [info] tx/per day chart: min/max block numbers [1, 0]
2025-09-07T09:09:31.947 application=explorer [info] tx/per day chart: num of transactions 0
2025-09-07T09:09:31.951 application=explorer [info] tx/per day chart: total gas used 
2025-09-07T09:09:31.954 application=explorer [info] tx/per day chart: total fee 
2025-09-07T09:09:31.954 application=explorer [info] tx/per day chart: collect records for transactions per day stats
2025-09-07T09:09:31.954 application=explorer [info] tx/per day chart: earliest date 2025-09-04 00:00:00Z
2025-09-07T09:09:31.954 application=explorer [info] tx/per day chart: latest date 2025-09-04 23:59:59Z
2025-09-07T09:09:31.964 application=explorer [info] tx/per day chart: min/max block numbers [1, 0]
2025-09-07T09:09:31.968 application=explorer [info] tx/per day chart: num of transactions 0
2025-09-07T09:09:31.971 application=explorer [info] tx/per day chart: total gas used 
2025-09-07T09:09:31.976 application=explorer [info] tx/per day chart: total fee 
2025-09-07T09:09:31.976 application=explorer [info] tx/per day chart: collect records for transactions per day stats
2025-09-07T09:09:31.976 application=explorer [info] tx/per day chart: earliest date 2025-09-05 00:00:00Z
2025-09-07T09:09:31.976 application=explorer [info] tx/per day chart: latest date 2025-09-05 23:59:59Z
2025-09-07T09:09:31.985 application=explorer [info] tx/per day chart: min/max block numbers [1, 0]
2025-09-07T09:09:31.988 application=explorer [info] tx/per day chart: num of transactions 0
2025-09-07T09:09:31.989 application=explorer [info] tx/per day chart: total gas used 
2025-09-07T09:09:31.991 application=explorer [info] tx/per day chart: total fee 
2025-09-07T09:09:31.991 application=explorer [info] tx/per day chart: collect records for transactions per day stats
2025-09-07T09:09:31.991 application=explorer [info] tx/per day chart: earliest date 2025-09-06 00:00:00Z
2025-09-07T09:09:31.992 application=explorer [info] tx/per day chart: latest date 2025-09-06 23:59:59Z
2025-09-07T09:09:32.002 application=explorer [info] tx/per day chart: min/max block numbers [1, 0]
2025-09-07T09:09:32.010 application=explorer [info] tx/per day chart: num of transactions 0
2025-09-07T09:09:32.014 application=explorer [info] tx/per day chart: total gas used 
2025-09-07T09:09:32.018 application=explorer [info] tx/per day chart: total fee 
2025-09-07T09:09:32.018 application=explorer [info] tx/per day chart: collect records for transactions per day stats
2025-09-07T09:09:32.018 application=explorer [info] tx/per day chart: records collected [%{date: ~D[2025-09-06], gas_used: nil, number_of_transactions: 0, total_fee: nil}, %{date: ~D[2025-09-05], gas_used: nil, number_of_transactions: 0, total_fee: nil}, %{date: ~D[2025-09-04], gas_used: nil, number_of_transactions: 0, total_fee: nil}, %{date: ~D[2025-09-03], gas_used: nil, number_of_transactions: 0, total_fee: nil}, %{date: ~D[2025-09-02], gas_used: nil, number_of_transactions: 0, total_fee: nil}, %{date: ~D[2025-09-01], gas_used: nil, number_of_transactions: 0, total_fee: nil}, %{date: ~D[2025-08-31], gas_used: nil, number_of_transactions: 0, total_fee: nil}, %{date: ~D[2025-08-30], gas_used: nil, number_of_transactions: 0, total_fee: nil}, %{date: ~D[2025-08-29], gas_used: nil, number_of_transactions: 0, total_fee: nil}]
2025-09-07T09:09:32.018 application=explorer [info] tx/per day chart: save records
2025-09-07T09:09:32.021 application=explorer [info] tx/per day chart: number of inserted 10
2025-09-07T09:09:46.459 application=explorer [info] Fetching chain spec path: nil.
2025-09-07T09:09:46.459 application=explorer [info] Fetching precompiled config path: nil.
2025-09-07T09:09:46.459 application=explorer [warning] Genesis data is not fetched. Neither chain spec path or precompiles config path are set.
2025-09-07T09:16:10.074 application=explorer [info] tx/per day chart: collect records for transactions per day stats
2025-09-07T09:16:10.074 application=explorer [info] tx/per day chart: earliest date 2025-08-29 00:00:00Z
2025-09-07T09:16:10.074 application=explorer [info] tx/per day chart: latest date 2025-08-29 23:59:59Z
2025-09-07T09:16:10.467 application=explorer [info] tx/per day chart: min/max block numbers [1, 0]
2025-09-07T09:16:10.506 application=explorer [info] tx/per day chart: num of transactions 0
2025-09-07T09:16:10.517 application=explorer [info] tx/per day chart: total gas used 
2025-09-07T09:16:10.527 application=explorer [info] tx/per day chart: total fee 
2025-09-07T09:16:10.527 application=explorer [info] tx/per day chart: collect records for transactions per day stats
2025-09-07T09:16:10.527 application=explorer [info] tx/per day chart: earliest date 2025-08-30 00:00:00Z
2025-09-07T09:16:10.527 application=explorer [info] tx/per day chart: latest date 2025-08-30 23:59:59Z
2025-09-07T09:16:10.541 application=explorer [info] tx/per day chart: min/max block numbers [1, 0]
2025-09-07T09:16:10.547 application=explorer [info] tx/per day chart: num of transactions 0
2025-09-07T09:16:10.554 application=explorer [info] tx/per day chart: total gas used 
2025-09-07T09:16:10.559 application=explorer [info] tx/per day chart: total fee 
2025-09-07T09:16:10.559 application=explorer [info] tx/per day chart: collect records for transactions per day stats
2025-09-07T09:16:10.559 application=explorer [info] tx/per day chart: earliest date 2025-08-31 00:00:00Z
2025-09-07T09:16:10.559 application=explorer [info] tx/per day chart: latest date 2025-08-31 23:59:59Z
2025-09-07T09:16:10.566 application=explorer [info] tx/per day chart: min/max block numbers [1, 0]
2025-09-07T09:16:10.568 application=explorer [info] tx/per day chart: num of transactions 0
2025-09-07T09:16:10.573 application=explorer [info] tx/per day chart: total gas used 
2025-09-07T09:16:10.575 application=explorer [info] tx/per day chart: total fee 
2025-09-07T09:16:10.575 application=explorer [info] tx/per day chart: collect records for transactions per day stats
2025-09-07T09:16:10.575 application=explorer [info] tx/per day chart: earliest date 2025-09-01 00:00:00Z
2025-09-07T09:16:10.575 application=explorer [info] tx/per day chart: latest date 2025-09-01 23:59:59Z
2025-09-07T09:16:10.581 application=explorer [info] tx/per day chart: min/max block numbers [1, 0]
2025-09-07T09:16:10.583 application=explorer [info] tx/per day chart: num of transactions 0
2025-09-07T09:16:10.586 application=explorer [info] tx/per day chart: total gas used 
2025-09-07T09:16:10.590 application=explorer [info] tx/per day chart: total fee 
2025-09-07T09:16:10.590 application=explorer [info] tx/per day chart: collect records for transactions per day stats
2025-09-07T09:16:10.590 application=explorer [info] tx/per day chart: earliest date 2025-09-02 00:00:00Z
2025-09-07T09:16:10.590 application=explorer [info] tx/per day chart: latest date 2025-09-02 23:59:59Z
2025-09-07T09:16:10.596 application=explorer [info] tx/per day chart: min/max block numbers [1, 0]
2025-09-07T09:16:10.599 application=explorer [info] tx/per day chart: num of transactions 0
2025-09-07T09:16:10.601 application=explorer [info] tx/per day chart: total gas used 
2025-09-07T09:16:10.605 application=explorer [info] tx/per day chart: total fee 
2025-09-07T09:16:10.605 application=explorer [info] tx/per day chart: collect records for transactions per day stats
2025-09-07T09:16:10.605 application=explorer [info] tx/per day chart: earliest date 2025-09-03 00:00:00Z
2025-09-07T09:16:10.605 application=explorer [info] tx/per day chart: latest date 2025-09-03 23:59:59Z
2025-09-07T09:16:10.612 application=explorer [info] tx/per day chart: min/max block numbers [1, 0]
2025-09-07T09:16:10.613 application=explorer [info] tx/per day chart: num of transactions 0
2025-09-07T09:16:10.615 application=explorer [info] tx/per day chart: total gas used 
2025-09-07T09:16:10.616 application=explorer [info] tx/per day chart: total fee 
2025-09-07T09:16:10.616 application=explorer [info] tx/per day chart: collect records for transactions per day stats
2025-09-07T09:16:10.616 application=explorer [info] tx/per day chart: earliest date 2025-09-04 00:00:00Z
2025-09-07T09:16:10.616 application=explorer [info] tx/per day chart: latest date 2025-09-04 23:59:59Z
2025-09-07T09:16:10.625 application=explorer [info] tx/per day chart: min/max block numbers [1, 0]
2025-09-07T09:16:10.627 application=explorer [info] tx/per day chart: num of transactions 0
2025-09-07T09:16:10.629 application=explorer [info] tx/per day chart: total gas used 
2025-09-07T09:16:10.630 application=explorer [info] tx/per day chart: total fee 
2025-09-07T09:16:10.630 application=explorer [info] tx/per day chart: collect records for transactions per day stats
2025-09-07T09:16:10.630 application=explorer [info] tx/per day chart: earliest date 2025-09-05 00:00:00Z
2025-09-07T09:16:10.630 application=explorer [info] tx/per day chart: latest date 2025-09-05 23:59:59Z
2025-09-07T09:16:10.638 application=explorer [info] tx/per day chart: min/max block numbers [1, 0]
2025-09-07T09:16:10.641 application=explorer [info] tx/per day chart: num of transactions 0
2025-09-07T09:16:10.643 application=explorer [info] tx/per day chart: total gas used 
2025-09-07T09:16:10.646 application=explorer [info] tx/per day chart: total fee 
2025-09-07T09:16:10.646 application=explorer [info] tx/per day chart: collect records for transactions per day stats
2025-09-07T09:16:10.646 application=explorer [info] tx/per day chart: earliest date 2025-09-06 00:00:00Z
2025-09-07T09:16:10.646 application=explorer [info] tx/per day chart: latest date 2025-09-06 23:59:59Z
2025-09-07T09:16:10.652 application=explorer [info] tx/per day chart: min/max block numbers [1, 0]
2025-09-07T09:16:10.656 application=explorer [info] tx/per day chart: num of transactions 0
2025-09-07T09:16:10.660 application=explorer [info] tx/per day chart: total gas used 
2025-09-07T09:16:10.662 application=explorer [info] tx/per day chart: total fee 
2025-09-07T09:16:10.662 application=explorer [info] tx/per day chart: collect records for transactions per day stats
2025-09-07T09:16:10.662 application=explorer [info] tx/per day chart: records collected [%{date: ~D[2025-09-06], gas_used: nil, number_of_transactions: 0, total_fee: nil}, %{date: ~D[2025-09-05], gas_used: nil, number_of_transactions: 0, total_fee: nil}, %{date: ~D[2025-09-04], gas_used: nil, number_of_transactions: 0, total_fee: nil}, %{date: ~D[2025-09-03], gas_used: nil, number_of_transactions: 0, total_fee: nil}, %{date: ~D[2025-09-02], gas_used: nil, number_of_transactions: 0, total_fee: nil}, %{date: ~D[2025-09-01], gas_used: nil, number_of_transactions: 0, total_fee: nil}, %{date: ~D[2025-08-31], gas_used: nil, number_of_transactions: 0, total_fee: nil}, %{date: ~D[2025-08-30], gas_used: nil, number_of_transactions: 0, total_fee: nil}, %{date: ~D[2025-08-29], gas_used: nil, number_of_transactions: 0, total_fee: nil}]
2025-09-07T09:16:10.662 application=explorer [info] tx/per day chart: save records
2025-09-07T09:16:10.665 application=explorer [info] tx/per day chart: number of inserted 10
2025-09-07T09:16:25.071 application=explorer [info] Fetching chain spec path: nil.
2025-09-07T09:16:25.071 application=explorer [info] Fetching precompiled config path: nil.
2025-09-07T09:16:25.071 application=explorer [warning] Genesis data is not fetched. Neither chain spec path or precompiles config path are set.
2025-09-07T09:35:56.071 application=explorer [info] tx/per day chart: collect records for transactions per day stats
2025-09-07T09:35:56.071 application=explorer [info] tx/per day chart: earliest date 2025-08-29 00:00:00Z
2025-09-07T09:35:56.071 application=explorer [info] tx/per day chart: latest date 2025-08-29 23:59:59Z
2025-09-07T09:35:56.171 application=explorer [info] tx/per day chart: min/max block numbers [1, 0]
2025-09-07T09:35:56.181 application=explorer [info] tx/per day chart: num of transactions 0
2025-09-07T09:35:56.187 application=explorer [info] tx/per day chart: total gas used 
2025-09-07T09:35:56.192 application=explorer [info] tx/per day chart: total fee 
2025-09-07T09:35:56.192 application=explorer [info] tx/per day chart: collect records for transactions per day stats
2025-09-07T09:35:56.192 application=explorer [info] tx/per day chart: earliest date 2025-08-30 00:00:00Z
2025-09-07T09:35:56.192 application=explorer [info] tx/per day chart: latest date 2025-08-30 23:59:59Z
2025-09-07T09:35:56.204 application=explorer [info] tx/per day chart: min/max block numbers [1, 0]
2025-09-07T09:35:56.204 application=explorer [info] tx/per day chart: num of transactions 0
2025-09-07T09:35:56.207 application=explorer [info] tx/per day chart: total gas used 
2025-09-07T09:35:56.209 application=explorer [info] tx/per day chart: total fee 
2025-09-07T09:35:56.209 application=explorer [info] tx/per day chart: collect records for transactions per day stats
2025-09-07T09:35:56.209 application=explorer [info] tx/per day chart: earliest date 2025-08-31 00:00:00Z
2025-09-07T09:35:56.209 application=explorer [info] tx/per day chart: latest date 2025-08-31 23:59:59Z
2025-09-07T09:35:56.215 application=explorer [info] tx/per day chart: min/max block numbers [1, 0]
2025-09-07T09:35:56.218 application=explorer [info] tx/per day chart: num of transactions 0
2025-09-07T09:35:56.220 application=explorer [info] tx/per day chart: total gas used 
2025-09-07T09:35:56.222 application=explorer [info] tx/per day chart: total fee 
2025-09-07T09:35:56.222 application=explorer [info] tx/per day chart: collect records for transactions per day stats
2025-09-07T09:35:56.222 application=explorer [info] tx/per day chart: earliest date 2025-09-01 00:00:00Z
2025-09-07T09:35:56.222 application=explorer [info] tx/per day chart: latest date 2025-09-01 23:59:59Z
2025-09-07T09:35:56.228 application=explorer [info] tx/per day chart: min/max block numbers [1, 0]
2025-09-07T09:35:56.231 application=explorer [info] tx/per day chart: num of transactions 0
2025-09-07T09:35:56.234 application=explorer [info] tx/per day chart: total gas used 
2025-09-07T09:35:56.237 application=explorer [info] tx/per day chart: total fee 
2025-09-07T09:35:56.237 application=explorer [info] tx/per day chart: collect records for transactions per day stats
2025-09-07T09:35:56.237 application=explorer [info] tx/per day chart: earliest date 2025-09-02 00:00:00Z
2025-09-07T09:35:56.237 application=explorer [info] tx/per day chart: latest date 2025-09-02 23:59:59Z
2025-09-07T09:35:56.243 application=explorer [info] tx/per day chart: min/max block numbers [1, 0]
2025-09-07T09:35:56.245 application=explorer [info] tx/per day chart: num of transactions 0
2025-09-07T09:35:56.248 application=explorer [info] tx/per day chart: total gas used 
2025-09-07T09:35:56.251 application=explorer [info] tx/per day chart: total fee 
2025-09-07T09:35:56.251 application=explorer [info] tx/per day chart: collect records for transactions per day stats
2025-09-07T09:35:56.251 application=explorer [info] tx/per day chart: earliest date 2025-09-03 00:00:00Z
2025-09-07T09:35:56.251 application=explorer [info] tx/per day chart: latest date 2025-09-03 23:59:59Z
2025-09-07T09:35:56.256 application=explorer [info] tx/per day chart: min/max block numbers [1, 0]
2025-09-07T09:35:56.258 application=explorer [info] tx/per day chart: num of transactions 0
2025-09-07T09:35:56.260 application=explorer [info] tx/per day chart: total gas used 
2025-09-07T09:35:56.263 application=explorer [info] tx/per day chart: total fee 
2025-09-07T09:35:56.263 application=explorer [info] tx/per day chart: collect records for transactions per day stats
2025-09-07T09:35:56.263 application=explorer [info] tx/per day chart: earliest date 2025-09-04 00:00:00Z
2025-09-07T09:35:56.263 application=explorer [info] tx/per day chart: latest date 2025-09-04 23:59:59Z
2025-09-07T09:35:56.268 application=explorer [info] tx/per day chart: min/max block numbers [1, 0]
2025-09-07T09:35:56.271 application=explorer [info] tx/per day chart: num of transactions 0
2025-09-07T09:35:56.273 application=explorer [info] tx/per day chart: total gas used 
2025-09-07T09:35:56.275 application=explorer [info] tx/per day chart: total fee 
2025-09-07T09:35:56.275 application=explorer [info] tx/per day chart: collect records for transactions per day stats
2025-09-07T09:35:56.275 application=explorer [info] tx/per day chart: earliest date 2025-09-05 00:00:00Z
2025-09-07T09:35:56.275 application=explorer [info] tx/per day chart: latest date 2025-09-05 23:59:59Z
2025-09-07T09:35:56.281 application=explorer [info] tx/per day chart: min/max block numbers [1, 0]
2025-09-07T09:35:56.284 application=explorer [info] tx/per day chart: num of transactions 0
2025-09-07T09:35:56.286 application=explorer [info] tx/per day chart: total gas used 
2025-09-07T09:35:56.288 application=explorer [info] tx/per day chart: total fee 
2025-09-07T09:35:56.288 application=explorer [info] tx/per day chart: collect records for transactions per day stats
2025-09-07T09:35:56.288 application=explorer [info] tx/per day chart: earliest date 2025-09-06 00:00:00Z
2025-09-07T09:35:56.288 application=explorer [info] tx/per day chart: latest date 2025-09-06 23:59:59Z
2025-09-07T09:35:56.294 application=explorer [info] tx/per day chart: min/max block numbers [1, 0]
2025-09-07T09:35:56.296 application=explorer [info] tx/per day chart: num of transactions 0
2025-09-07T09:35:56.298 application=explorer [info] tx/per day chart: total gas used 
2025-09-07T09:35:56.301 application=explorer [info] tx/per day chart: total fee 
2025-09-07T09:35:56.301 application=explorer [info] tx/per day chart: collect records for transactions per day stats
2025-09-07T09:35:56.301 application=explorer [info] tx/per day chart: records collected [%{date: ~D[2025-09-06], gas_used: nil, number_of_transactions: 0, total_fee: nil}, %{date: ~D[2025-09-05], gas_used: nil, number_of_transactions: 0, total_fee: nil}, %{date: ~D[2025-09-04], gas_used: nil, number_of_transactions: 0, total_fee: nil}, %{date: ~D[2025-09-03], gas_used: nil, number_of_transactions: 0, total_fee: nil}, %{date: ~D[2025-09-02], gas_used: nil, number_of_transactions: 0, total_fee: nil}, %{date: ~D[2025-09-01], gas_used: nil, number_of_transactions: 0, total_fee: nil}, %{date: ~D[2025-08-31], gas_used: nil, number_of_transactions: 0, total_fee: nil}, %{date: ~D[2025-08-30], gas_used: nil, number_of_transactions: 0, total_fee: nil}, %{date: ~D[2025-08-29], gas_used: nil, number_of_transactions: 0, total_fee: nil}]
2025-09-07T09:35:56.301 application=explorer [info] tx/per day chart: save records
2025-09-07T09:35:56.302 application=explorer [info] tx/per day chart: number of inserted 10
2025-09-07T09:36:11.068 application=explorer [info] Fetching chain spec path: nil.
2025-09-07T09:36:11.068 application=explorer [info] Fetching precompiled config path: nil.
2025-09-07T09:36:11.068 application=explorer [warning] Genesis data is not fetched. Neither chain spec path or precompiles config path are set.
2025-09-07T09:38:51.218 application=explorer [info] tx/per day chart: collect records for transactions per day stats
2025-09-07T09:38:51.218 application=explorer [info] tx/per day chart: earliest date 2025-08-29 00:00:00Z
2025-09-07T09:38:51.218 application=explorer [info] tx/per day chart: latest date 2025-08-29 23:59:59Z
2025-09-07T09:38:51.316 application=explorer [info] tx/per day chart: min/max block numbers [1, 0]
2025-09-07T09:38:51.322 application=explorer [info] tx/per day chart: num of transactions 0
2025-09-07T09:38:51.327 application=explorer [info] tx/per day chart: total gas used 
2025-09-07T09:38:51.330 application=explorer [info] tx/per day chart: total fee 
2025-09-07T09:38:51.330 application=explorer [info] tx/per day chart: collect records for transactions per day stats
2025-09-07T09:38:51.330 application=explorer [info] tx/per day chart: earliest date 2025-08-30 00:00:00Z
2025-09-07T09:38:51.330 application=explorer [info] tx/per day chart: latest date 2025-08-30 23:59:59Z
2025-09-07T09:38:51.335 application=explorer [info] tx/per day chart: min/max block numbers [1, 0]
2025-09-07T09:38:51.338 application=explorer [info] tx/per day chart: num of transactions 0
2025-09-07T09:38:51.339 application=explorer [info] tx/per day chart: total gas used 
2025-09-07T09:38:51.343 application=explorer [info] tx/per day chart: total fee 
2025-09-07T09:38:51.343 application=explorer [info] tx/per day chart: collect records for transactions per day stats
2025-09-07T09:38:51.343 application=explorer [info] tx/per day chart: earliest date 2025-08-31 00:00:00Z
2025-09-07T09:38:51.343 application=explorer [info] tx/per day chart: latest date 2025-08-31 23:59:59Z
2025-09-07T09:38:51.349 application=explorer [info] tx/per day chart: min/max block numbers [1, 0]
2025-09-07T09:38:51.351 application=explorer [info] tx/per day chart: num of transactions 0
2025-09-07T09:38:51.353 application=explorer [info] tx/per day chart: total gas used 
2025-09-07T09:38:51.356 application=explorer [info] tx/per day chart: total fee 
2025-09-07T09:38:51.356 application=explorer [info] tx/per day chart: collect records for transactions per day stats
2025-09-07T09:38:51.356 application=explorer [info] tx/per day chart: earliest date 2025-09-01 00:00:00Z
2025-09-07T09:38:51.356 application=explorer [info] tx/per day chart: latest date 2025-09-01 23:59:59Z
2025-09-07T09:38:51.363 application=explorer [info] tx/per day chart: min/max block numbers [1, 0]
2025-09-07T09:38:51.365 application=explorer [info] tx/per day chart: num of transactions 0
2025-09-07T09:38:51.367 application=explorer [info] tx/per day chart: total gas used 
2025-09-07T09:38:51.370 application=explorer [info] tx/per day chart: total fee 
2025-09-07T09:38:51.370 application=explorer [info] tx/per day chart: collect records for transactions per day stats
2025-09-07T09:38:51.370 application=explorer [info] tx/per day chart: earliest date 2025-09-02 00:00:00Z
2025-09-07T09:38:51.370 application=explorer [info] tx/per day chart: latest date 2025-09-02 23:59:59Z
2025-09-07T09:38:51.375 application=explorer [info] tx/per day chart: min/max block numbers [1, 0]
2025-09-07T09:38:51.379 application=explorer [info] tx/per day chart: num of transactions 0
2025-09-07T09:38:51.382 application=explorer [info] tx/per day chart: total gas used 
2025-09-07T09:38:51.385 application=explorer [info] tx/per day chart: total fee 
2025-09-07T09:38:51.385 application=explorer [info] tx/per day chart: collect records for transactions per day stats
2025-09-07T09:38:51.385 application=explorer [info] tx/per day chart: earliest date 2025-09-03 00:00:00Z
2025-09-07T09:38:51.385 application=explorer [info] tx/per day chart: latest date 2025-09-03 23:59:59Z
2025-09-07T09:38:51.390 application=explorer [info] tx/per day chart: min/max block numbers [1, 0]
2025-09-07T09:38:51.394 application=explorer [info] tx/per day chart: num of transactions 0
2025-09-07T09:38:51.397 application=explorer [info] tx/per day chart: total gas used 
2025-09-07T09:38:51.401 application=explorer [info] tx/per day chart: total fee 
2025-09-07T09:38:51.401 application=explorer [info] tx/per day chart: collect records for transactions per day stats
2025-09-07T09:38:51.401 application=explorer [info] tx/per day chart: earliest date 2025-09-04 00:00:00Z
2025-09-07T09:38:51.401 application=explorer [info] tx/per day chart: latest date 2025-09-04 23:59:59Z
2025-09-07T09:38:51.406 application=explorer [info] tx/per day chart: min/max block numbers [1, 0]
2025-09-07T09:38:51.409 application=explorer [info] tx/per day chart: num of transactions 0
2025-09-07T09:38:51.412 application=explorer [info] tx/per day chart: total gas used 
2025-09-07T09:38:51.415 application=explorer [info] tx/per day chart: total fee 
2025-09-07T09:38:51.415 application=explorer [info] tx/per day chart: collect records for transactions per day stats
2025-09-07T09:38:51.415 application=explorer [info] tx/per day chart: earliest date 2025-09-05 00:00:00Z
2025-09-07T09:38:51.415 application=explorer [info] tx/per day chart: latest date 2025-09-05 23:59:59Z
2025-09-07T09:38:51.422 application=explorer [info] tx/per day chart: min/max block numbers [1, 0]
2025-09-07T09:38:51.424 application=explorer [info] tx/per day chart: num of transactions 0
2025-09-07T09:38:51.425 application=explorer [info] tx/per day chart: total gas used 
2025-09-07T09:38:51.428 application=explorer [info] tx/per day chart: total fee 
2025-09-07T09:38:51.428 application=explorer [info] tx/per day chart: collect records for transactions per day stats
2025-09-07T09:38:51.428 application=explorer [info] tx/per day chart: earliest date 2025-09-06 00:00:00Z
2025-09-07T09:38:51.428 application=explorer [info] tx/per day chart: latest date 2025-09-06 23:59:59Z
2025-09-07T09:38:51.434 application=explorer [info] tx/per day chart: min/max block numbers [1, 0]
2025-09-07T09:38:51.436 application=explorer [info] tx/per day chart: num of transactions 0
2025-09-07T09:38:51.438 application=explorer [info] tx/per day chart: total gas used 
2025-09-07T09:38:51.441 application=explorer [info] tx/per day chart: total fee 
2025-09-07T09:38:51.441 application=explorer [info] tx/per day chart: collect records for transactions per day stats
2025-09-07T09:38:51.441 application=explorer [info] tx/per day chart: records collected [%{date: ~D[2025-09-06], gas_used: nil, number_of_transactions: 0, total_fee: nil}, %{date: ~D[2025-09-05], gas_used: nil, number_of_transactions: 0, total_fee: nil}, %{date: ~D[2025-09-04], gas_used: nil, number_of_transactions: 0, total_fee: nil}, %{date: ~D[2025-09-03], gas_used: nil, number_of_transactions: 0, total_fee: nil}, %{date: ~D[2025-09-02], gas_used: nil, number_of_transactions: 0, total_fee: nil}, %{date: ~D[2025-09-01], gas_used: nil, number_of_transactions: 0, total_fee: nil}, %{date: ~D[2025-08-31], gas_used: nil, number_of_transactions: 0, total_fee: nil}, %{date: ~D[2025-08-30], gas_used: nil, number_of_transactions: 0, total_fee: nil}, %{date: ~D[2025-08-29], gas_used: nil, number_of_transactions: 0, total_fee: nil}]
2025-09-07T09:38:51.441 application=explorer [info] tx/per day chart: save records
2025-09-07T09:38:51.443 application=explorer [info] tx/per day chart: number of inserted 10
2025-09-07T09:39:06.217 application=explorer [info] Fetching chain spec path: nil.
2025-09-07T09:39:06.217 application=explorer [info] Fetching precompiled config path: nil.
2025-09-07T09:39:06.217 application=explorer [warning] Genesis data is not fetched. Neither chain spec path or precompiles config path are set.
